<?xml version="1.0" encoding="UTF-8"?>
<!-- Generated by org.testng.reporters.JUnitReportReporter -->
<testsuite skipped="0" hostname="LAPTOP-HC64QLTM" name="LokeshRestAssured.Sep2020RestAssured.RahulShett2" tests="1" failures="0" timestamp="2020-09-30T15:33:54 IST" time="1.251" errors="0">
  <testcase name="testReadJsonPayload" time="1.251" classname="LokeshRestAssured.Sep2020RestAssured.RahulShett2"/>
  <system-out/>
</testsuite> <!-- LokeshRestAssured.Sep2020RestAssured.RahulShett2 -->
