<?xml version="1.0" encoding="UTF-8"?>
<!-- Generated by org.testng.reporters.JUnitReportReporter -->
<testsuite skipped="0" hostname="LAPTOP-HC64QLTM" name="LokeshRestAssured.Sep2020RestAssured.RahulShett1" tests="1" failures="0" timestamp="2020-09-28T21:39:59 IST" time="5.316" errors="0">
  <testcase name="testPostPUTGetCall" time="5.316" classname="LokeshRestAssured.Sep2020RestAssured.RahulShett1"/>
  <system-out/>
</testsuite> <!-- LokeshRestAssured.Sep2020RestAssured.RahulShett1 -->
