<?xml version="1.0" encoding="UTF-8"?>
<!-- Generated by org.testng.reporters.JUnitReportReporter -->
<testsuite skipped="0" hostname="LAPTOP-HC64QLTM" name="LokeshRestAssured.Sep2020RestAssured.JiraTest" tests="1" failures="0" timestamp="2020-09-30T22:05:53 IST" time="1.434" errors="0">
  <testcase name="addJiraComment" time="1.434" classname="LokeshRestAssured.Sep2020RestAssured.JiraTest"/>
  <system-out/>
</testsuite> <!-- LokeshRestAssured.Sep2020RestAssured.JiraTest -->
