<?xml version="1.0" encoding="UTF-8"?>
<!-- Generated by org.testng.reporters.JUnitReportReporter -->
<testsuite skipped="0" hostname="LAPTOP-HC64QLTM" name="LokeshRestAssured.Sep2020RestAssured.DataDrivenRestAssured" tests="1" failures="0" timestamp="2020-09-30T11:10:18 IST" time="1.808" errors="0">
  <testcase name="addBook" time="1.808" classname="LokeshRestAssured.Sep2020RestAssured.DataDrivenRestAssured"/>
  <system-out/>
</testsuite> <!-- LokeshRestAssured.Sep2020RestAssured.DataDrivenRestAssured -->
